2025-02-13 15:56:30,743 INFO: Logging setup completed successfully [in C:\Users\Admin\Downloads\Flask-Mailer\Flask-Mailer-with-Tracker-main\app.py:69]
2025-02-13 15:57:09,763 INFO: Logging setup completed successfully [in C:\Users\Admin\Downloads\Flask-Mailer\Flask-Mailer-with-Tracker-main\app.py:69]
2025-02-13 15:57:57,454 INFO: [a88d77f8] New email campaign request received from admin [in C:\Users\Admin\Downloads\Flask-Mailer\Flask-Mailer-with-Tracker-main\app.py:255]
2025-02-13 15:57:57,460 INFO: Starting email sending process [in C:\Users\Admin\Downloads\Flask-Mailer\Flask-Mailer-with-Tracker-main\app.py:262]
2025-02-13 15:57:57,478 INFO: [a88d77f8] Validating sender credentials [in C:\Users\Admin\Downloads\Flask-Mailer\Flask-Mailer-with-Tracker-main\app.py:263]
2025-02-13 15:57:57,495 ERROR: [a88d77f8] SMTP validation failed: list index out of range [in C:\Users\Admin\Downloads\Flask-Mailer\Flask-Mailer-with-Tracker-main\app.py:270]
2025-02-13 15:58:23,391 INFO: [457f5a3a] New email campaign request received from admin [in C:\Users\Admin\Downloads\Flask-Mailer\Flask-Mailer-with-Tracker-main\app.py:255]
2025-02-13 15:58:23,425 INFO: Starting email sending process [in C:\Users\Admin\Downloads\Flask-Mailer\Flask-Mailer-with-Tracker-main\app.py:262]
2025-02-13 15:58:23,439 INFO: [457f5a3a] Validating sender credentials [in C:\Users\Admin\Downloads\Flask-Mailer\Flask-Mailer-with-Tracker-main\app.py:263]
2025-02-13 15:58:23,457 ERROR: [457f5a3a] SMTP validation failed: list index out of range [in C:\Users\Admin\Downloads\Flask-Mailer\Flask-Mailer-with-Tracker-main\app.py:270]
2025-02-13 15:59:22,598 INFO: Logging setup completed successfully [in C:\Users\Admin\Downloads\Flask-Mailer\Flask-Mailer-with-Tracker-main\app.py:69]
2025-02-13 15:59:46,182 INFO: Logging setup completed successfully [in C:\Users\Admin\Downloads\Flask-Mailer\Flask-Mailer-with-Tracker-main\app.py:69]
2025-02-13 16:00:03,976 INFO: Logging setup completed successfully [in C:\Users\Admin\Downloads\Flask-Mailer\Flask-Mailer-with-Tracker-main\app.py:69]
2025-02-13 16:01:00,131 INFO: [80b20e14] New email campaign request received from admin [in C:\Users\Admin\Downloads\Flask-Mailer\Flask-Mailer-with-Tracker-main\app.py:255]
2025-02-13 16:01:00,151 INFO: Starting email sending process [in C:\Users\Admin\Downloads\Flask-Mailer\Flask-Mailer-with-Tracker-main\app.py:262]
2025-02-13 16:01:00,156 INFO: [80b20e14] Validating sender credentials [in C:\Users\Admin\Downloads\Flask-Mailer\Flask-Mailer-with-Tracker-main\app.py:263]
2025-02-13 16:01:00,168 ERROR: [80b20e14] SMTP validation failed: Invalid email format [in C:\Users\Admin\Downloads\Flask-Mailer\Flask-Mailer-with-Tracker-main\app.py:270]
2025-02-13 16:01:58,693 INFO: Logging setup completed successfully [in C:\Users\Admin\Downloads\Flask-Mailer\Flask-Mailer-with-Tracker-main\app.py:69]
2025-02-13 16:02:09,113 INFO: Logging setup completed successfully [in C:\Users\Admin\Downloads\Flask-Mailer\Flask-Mailer-with-Tracker-main\app.py:69]
2025-02-13 16:02:39,681 INFO: [4062f6de] New email campaign request received from admin [in C:\Users\Admin\Downloads\Flask-Mailer\Flask-Mailer-with-Tracker-main\app.py:255]
2025-02-13 16:02:39,686 INFO: Starting email sending process [in C:\Users\Admin\Downloads\Flask-Mailer\Flask-Mailer-with-Tracker-main\app.py:262]
2025-02-13 16:02:39,719 INFO: [4062f6de] Validating sender credentials [in C:\Users\Admin\Downloads\Flask-Mailer\Flask-Mailer-with-Tracker-main\app.py:263]
2025-02-13 16:02:39,731 ERROR: [4062f6de] SMTP validation failed: Invalid email format: Email must contain '@' symbol [in C:\Users\Admin\Downloads\Flask-Mailer\Flask-Mailer-with-Tracker-main\app.py:270]
2025-02-13 16:03:52,576 INFO: Logging setup completed successfully [in C:\Users\Admin\Downloads\Flask-Mailer\Flask-Mailer-with-Tracker-main\app.py:69]
2025-02-13 16:04:44,547 INFO: Logging setup completed successfully [in C:\Users\Admin\Downloads\Flask-Mailer\Flask-Mailer-with-Tracker-main\app.py:69]
2025-02-13 16:05:23,710 INFO: [573ae204] New email campaign request received from admin [in C:\Users\Admin\Downloads\Flask-Mailer\Flask-Mailer-with-Tracker-main\app.py:255]
2025-02-13 16:05:23,719 INFO: Starting email sending process [in C:\Users\Admin\Downloads\Flask-Mailer\Flask-Mailer-with-Tracker-main\app.py:262]
2025-02-13 16:05:23,724 INFO: [573ae204] Validating sender credentials [in C:\Users\Admin\Downloads\Flask-Mailer\Flask-Mailer-with-Tracker-main\app.py:263]
2025-02-13 16:05:23,747 ERROR: [573ae204] SMTP validation failed: Invalid email format: Email must contain '@' symbol [in C:\Users\Admin\Downloads\Flask-Mailer\Flask-Mailer-with-Tracker-main\app.py:270]
2025-02-13 16:05:47,338 INFO: Logging setup completed successfully [in C:\Users\Admin\Downloads\Flask-Mailer\Flask-Mailer-with-Tracker-main\app.py:69]
2025-02-13 16:05:49,486 INFO: Logging setup completed successfully [in C:\Users\Admin\Downloads\Flask-Mailer\Flask-Mailer-with-Tracker-main\app.py:69]
2025-02-13 16:06:21,956 INFO: [d2437895] New email campaign request received from admin [in C:\Users\Admin\Downloads\Flask-Mailer\Flask-Mailer-with-Tracker-main\app.py:255]
2025-02-13 16:06:21,962 INFO: Starting email sending process [in C:\Users\Admin\Downloads\Flask-Mailer\Flask-Mailer-with-Tracker-main\app.py:262]
2025-02-13 16:06:21,989 INFO: [d2437895] Validating sender credentials [in C:\Users\Admin\Downloads\Flask-Mailer\Flask-Mailer-with-Tracker-main\app.py:263]
2025-02-13 16:06:22,024 ERROR: [d2437895] SMTP validation failed: Invalid email format: Email must contain '@' symbol [in C:\Users\Admin\Downloads\Flask-Mailer\Flask-Mailer-with-Tracker-main\app.py:270]
2025-02-13 16:07:05,142 INFO: Logging setup completed successfully [in C:\Users\Admin\Downloads\Flask-Mailer\Flask-Mailer-with-Tracker-main\app.py:69]
2025-02-13 16:07:57,790 INFO: Logging setup completed successfully [in C:\Users\Admin\Downloads\Flask-Mailer\Flask-Mailer-with-Tracker-main\app.py:69]
2025-02-13 16:08:43,128 INFO: Logging setup completed successfully [in C:\Users\Admin\Downloads\Flask-Mailer\Flask-Mailer-with-Tracker-main\app.py:69]
2025-02-13 16:15:26,227 INFO: Logging setup completed successfully [in C:\Users\Admin\Downloads\Flask-Mailer\Flask-Mailer-with-Tracker-main\app.py:69]
2025-02-13 16:15:31,530 INFO: Logging setup completed successfully [in C:\Users\Admin\Downloads\Flask-Mailer\Flask-Mailer-with-Tracker-main\app.py:69]
2025-02-13 16:15:33,136 INFO: Logging setup completed successfully [in C:\Users\Admin\Downloads\Flask-Mailer\Flask-Mailer-with-Tracker-main\app.py:69]
2025-02-13 16:16:11,579 INFO: [ead3ba9a] New email campaign request received from admin [in C:\Users\Admin\Downloads\Flask-Mailer\Flask-Mailer-with-Tracker-main\app.py:255]
2025-02-13 16:16:11,581 INFO: Starting email sending process [in C:\Users\Admin\Downloads\Flask-Mailer\Flask-Mailer-with-Tracker-main\app.py:262]
2025-02-13 16:16:11,586 INFO: [ead3ba9a] Validating sender credentials [in C:\Users\Admin\Downloads\Flask-Mailer\Flask-Mailer-with-Tracker-main\app.py:263]
2025-02-13 16:16:11,594 ERROR: [ead3ba9a] SMTP validation failed: Email must contain '@' symbol [in C:\Users\Admin\Downloads\Flask-Mailer\Flask-Mailer-with-Tracker-main\app.py:270]
2025-02-13 16:42:06,211 INFO: Logging setup completed successfully [in C:\Users\Admin\Downloads\Flask-Mailer\Flask-Mailer-with-Tracker-main\app.py:69]
2025-02-13 16:42:07,447 INFO: Logging setup completed successfully [in C:\Users\Admin\Downloads\Flask-Mailer\Flask-Mailer-with-Tracker-main\app.py:69]
2025-02-14 11:42:22,542 INFO: Logging setup completed successfully [in C:\Users\Admin\Downloads\Flask-Mailer - Copy\Flask-Mailer-with-Tracker-main\app.py:69]
2025-02-14 11:42:23,335 INFO: Logging setup completed successfully [in C:\Users\Admin\Downloads\Flask-Mailer - Copy\Flask-Mailer-with-Tracker-main\app.py:69]
2025-02-14 11:44:26,251 ERROR: Missing tracking parameters - Campaign: 14 February, Sender: None, Recipient: None [in C:\Users\Admin\Downloads\Flask-Mailer - Copy\Flask-Mailer-with-Tracker-main\app.py:136]
2025-02-14 11:44:26,252 ERROR: Tracking error: send_file() got an unexpected keyword argument 'cache_control' [in C:\Users\Admin\Downloads\Flask-Mailer - Copy\Flask-Mailer-with-Tracker-main\app.py:205]
2025-02-14 12:23:05,776 INFO: Logging setup completed successfully [in C:\Users\Admin\Downloads\mail\mail\app.py:69]
2025-02-14 12:23:06,524 INFO: Logging setup completed successfully [in C:\Users\Admin\Downloads\mail\mail\app.py:69]
2025-02-14 12:24:42,419 ERROR: Missing tracking parameters - Campaign: 14 February, Sender: None, Recipient: None [in C:\Users\Admin\Downloads\mail\mail\app.py:136]
2025-02-14 12:24:42,420 ERROR: Tracking error: send_file() got an unexpected keyword argument 'cache_control' [in C:\Users\Admin\Downloads\mail\mail\app.py:205]
2025-02-14 12:34:56,817 INFO: Logging setup completed successfully [in C:\Users\Admin\Downloads\mail\mail\app.py:69]
2025-02-14 12:40:47,736 INFO: Logging setup completed successfully [in C:\Users\Admin\Downloads\mail\mail\app.py:69]
2025-02-14 12:40:47,873 INFO: Cache initialization successful [in C:\Users\Admin\Downloads\mail\mail\app.py:111]
2025-02-14 12:40:48,851 INFO: Logging setup completed successfully [in C:\Users\Admin\Downloads\mail\mail\app.py:69]
2025-02-14 12:40:48,988 INFO: Cache initialization successful [in C:\Users\Admin\Downloads\mail\mail\app.py:111]
